#
# A fatal error has been detected by the Java Runtime Environment:
#
#  EXCEPTION_ACCESS_VIOLATION (0xc0000005) at pc=0x0000000058bc7be8, pid=8312, tid=6652
#
# JRE version: Java(TM) SE Runtime Environment (8.0_65-b17) (build 1.8.0_65-b17)
# Java VM: Java HotSpot(TM) 64-Bit Server VM (25.65-b01 mixed mode windows-amd64 compressed oops)
# Problematic frame:
# C  [libvlccore.dll+0x157be8]
#
# Failed to write core dump. Minidumps are not enabled by default on client versions of Windows
#
# If you would like to submit a bug report, please visit:
#   http://bugreport.java.com/bugreport/crash.jsp
# The crash happened outside the Java Virtual Machine in native code.
# See problematic frame for where to report the bug.
#

---------------  T H R E A D  ---------------

Current thread (0x00000000181a8000):  JavaThread "AWT-EventQueue-0" [_thread_in_native, id=6652, stack(0x0000000018d00000,0x0000000018e00000)]

siginfo: ExceptionCode=0xc0000005, reading address 0xffffffffffffffff

Registers:
RAX=0x00450044004d004d, RBX=0x000000001aeb0200, RCX=0x0000000058d3bba6, RDX=0xffffffffc2135560
RSP=0x0000000018dfb5e0, RBP=0x0000000058d3bba6, RSI=0x0000000058afd700, RDI=0x0000000018dfb678
R8 =0x0000000058afd700, R9 =0xffffffffc213559a, R10=0x0000000000000054, R11=0x0000000018dfb748
R12=0x0000000000000000, R13=0x000000001ae71140, R14=0x0000000018dfbef0, R15=0x00000000181a8000
RIP=0x0000000058bc7be8, EFLAGS=0x0000000000010206

Top of Stack: (sp=0x0000000018dfb5e0)
0x0000000018dfb5e0:   0000000000000031 00000000ef734ee0
0x0000000018dfb5f0:   000000001d85f1f0 0000000014f85740
0x0000000018dfb600:   000000001ae711c0 000000001ae71150
0x0000000018dfb610:   000000001ae711c0 0000000058afe5bb
0x0000000018dfb620:   000000001d85f250 0000000014fba1e8
0x0000000018dfb630:   000000001ee17bf8 000000001bf739f0
0x0000000018dfb640:   0000000018dfb730 000000001d85f4b0
0x0000000018dfb650:   0000000018dfb720 0000000002d872fc
0x0000000018dfb660:   00000000181a3360 000000001d6906c8
0x0000000018dfb670:   000000001bf73c60 0000000058d3bba6
0x0000000018dfb680:   00000000ef734ee0 000000001d568ee8
0x0000000018dfb690:   000000001ee06618 00007ff87f7e11bb
0x0000000018dfb6a0:   000000001d56b1f0 000000001ae711c0
0x0000000018dfb6b0:   000000001ae71230 00000000ee2457e0
0x0000000018dfb6c0:   0000000018dfb770 0000000000000000
0x0000000018dfb6d0:   000000001c049590 0000000018dfbef0 

Instructions: (pc=0x0000000058bc7be8)
0x0000000058bc7bc8:   89 c6 48 8b 4d 00 eb d4 57 56 53 48 83 ec 20 48
0x0000000058bc7bd8:   89 cf 48 89 d3 4c 89 c6 48 8b 03 48 85 c0 74 1d
0x0000000058bc7be8:   48 8b 10 48 89 f9 ff d6 85 c0 74 2c 48 8b 1b 78
0x0000000058bc7bf8:   17 48 83 c3 10 48 8b 03 48 85 c0 75 e3 48 83 c4 


Register to memory mapping:

RAX=0x00450044004d004d is an unknown value
RBX=0x000000001aeb0200 is an unknown value
RCX=0x0000000058d3bba6 is an unknown value
RDX=0xffffffffc2135560 is an unknown value
RSP=0x0000000018dfb5e0 is pointing into the stack for thread: 0x00000000181a8000
RBP=0x0000000058d3bba6 is an unknown value
RSI=0x0000000058afd700 is an unknown value
RDI=0x0000000018dfb678 is pointing into the stack for thread: 0x00000000181a8000
R8 =0x0000000058afd700 is an unknown value
R9 =0xffffffffc213559a is an unknown value
R10=0x0000000000000054 is an unknown value
R11=0x0000000018dfb748 is pointing into the stack for thread: 0x00000000181a8000
R12=0x0000000000000000 is an unknown value
R13=0x000000001ae71140 is an unknown value
R14=0x0000000018dfbef0 is pointing into the stack for thread: 0x00000000181a8000
R15=0x00000000181a8000 is a thread


Stack: [0x0000000018d00000,0x0000000018e00000],  sp=0x0000000018dfb5e0,  free space=1005k
Native frames: (J=compiled Java code, j=interpreted, Vv=VM code, C=native code)
C  [libvlccore.dll+0x157be8]
C  [libvlccore.dll+0x8e5bb]
C  [libvlc.dll+0xec8f]
C  [jna8921157693937105214.dll+0x176f3]
C  [jna8921157693937105214.dll+0xffe7]
C  [jna8921157693937105214.dll+0x3d1a]
C  [jna8921157693937105214.dll+0x4e37]
C  0x0000000002885e34

Java frames: (J=compiled Java code, j=interpreted, Vv=VM code)
j  com.sun.jna.Native.invokeInt(JI[Ljava/lang/Object;)I+0
J 2067 C1 com.sun.jna.Function.invoke([Ljava/lang/Object;Ljava/lang/Class;Z)Ljava/lang/Object; (1149 bytes) @ 0x0000000002f186ec [0x0000000002f115c0+0x712c]
j  com.sun.jna.Function.invoke(Ljava/lang/Class;[Ljava/lang/Object;Ljava/util/Map;)Ljava/lang/Object;+214
J 2068 C2 com.sun.jna.Library$Handler.invoke(Ljava/lang/Object;Ljava/lang/reflect/Method;[Ljava/lang/Object;)Ljava/lang/Object; (345 bytes) @ 0x0000000002f2853c [0x0000000002f28060+0x4dc]
j  com.sun.proxy.$Proxy1.libvlc_media_player_set_rate(Luk/co/caprica/vlcj/binding/internal/libvlc_media_player_t;F)I+23
j  uk.co.caprica.vlcj.player.DefaultMediaPlayer.setRate(F)I+24
j  j.pivate.main.gui.GUIVideo$4.adjustmentValueChanged(Ljava/awt/event/AdjustmentEvent;)V+23
j  javax.swing.JScrollBar.fireAdjustmentValueChanged(IIIZ)V+66
j  javax.swing.JScrollBar.access$100(Ljavax/swing/JScrollBar;IIIZ)V+6
j  javax.swing.JScrollBar$ModelListener.stateChanged(Ljavax/swing/event/ChangeEvent;)V+54
j  javax.swing.DefaultBoundedRangeModel.fireStateChanged()V+56
j  javax.swing.DefaultBoundedRangeModel.setRangeProperties(IIIIZ)V+130
j  javax.swing.DefaultBoundedRangeModel.setMaximum(I)V+42
j  javax.swing.JScrollBar.setMaximum(I)V+5
j  j.pivate.main.gui.GUIVideo.<init>(Luk/co/caprica/vlcj/component/EmbeddedMediaPlayerComponent;Lj/pivate/main/video/VideoRumble;)V+440
j  j.pivate.main.video.VideoRumble.<init>(Ljava/util/List;Ljava/io/File;)V+251
j  j.pivate.main.gui.GUIStartMenu$40.actionPerformed(Ljava/awt/event/ActionEvent;)V+465
j  javax.swing.AbstractButton.fireActionPerformed(Ljava/awt/event/ActionEvent;)V+83
j  javax.swing.AbstractButton$Handler.actionPerformed(Ljava/awt/event/ActionEvent;)V+5
j  javax.swing.DefaultButtonModel.fireActionPerformed(Ljava/awt/event/ActionEvent;)V+34
j  javax.swing.DefaultButtonModel.setPressed(Z)V+117
j  javax.swing.plaf.basic.BasicButtonListener.mouseReleased(Ljava/awt/event/MouseEvent;)V+35
j  java.awt.Component.processMouseEvent(Ljava/awt/event/MouseEvent;)V+64
j  javax.swing.JComponent.processMouseEvent(Ljava/awt/event/MouseEvent;)V+23
j  java.awt.Component.processEvent(Ljava/awt/AWTEvent;)V+81
j  java.awt.Container.processEvent(Ljava/awt/AWTEvent;)V+18
J 2183 C1 java.awt.Component.dispatchEventImpl(Ljava/awt/AWTEvent;)V (883 bytes) @ 0x0000000002fdb6dc [0x0000000002fd6200+0x54dc]
J 1343 C1 java.awt.Container.dispatchEventImpl(Ljava/awt/AWTEvent;)V (129 bytes) @ 0x0000000002c82dc4 [0x0000000002c82c80+0x144]
J 1342 C1 java.awt.Component.dispatchEvent(Ljava/awt/AWTEvent;)V (6 bytes) @ 0x0000000002c82904 [0x0000000002c82800+0x104]
j  java.awt.LightweightDispatcher.retargetMouseEvent(Ljava/awt/Component;ILjava/awt/event/MouseEvent;)V+327
j  java.awt.LightweightDispatcher.processMouseEvent(Ljava/awt/event/MouseEvent;)Z+155
J 2244 C1 java.awt.LightweightDispatcher.dispatchEvent(Ljava/awt/AWTEvent;)Z (73 bytes) @ 0x0000000003012c7c [0x0000000003012840+0x43c]
J 1343 C1 java.awt.Container.dispatchEventImpl(Ljava/awt/AWTEvent;)V (129 bytes) @ 0x0000000002c82d64 [0x0000000002c82c80+0xe4]
j  java.awt.Window.dispatchEventImpl(Ljava/awt/AWTEvent;)V+19
J 2031 C1 java.awt.EventQueue.dispatchEventImpl(Ljava/awt/AWTEvent;Ljava/lang/Object;)V (149 bytes) @ 0x0000000002ec293c [0x0000000002ec1100+0x183c]
J 1360 C1 java.awt.EventQueue$3.run()Ljava/lang/Void; (60 bytes) @ 0x0000000002c8a78c [0x0000000002c8a580+0x20c]
J 1359 C1 java.awt.EventQueue$3.run()Ljava/lang/Object; (5 bytes) @ 0x0000000002c8a20c [0x0000000002c8a180+0x8c]
v  ~StubRoutines::call_stub
J 936  java.security.AccessController.doPrivileged(Ljava/security/PrivilegedAction;Ljava/security/AccessControlContext;)Ljava/lang/Object; (0 bytes) @ 0x0000000002b73866 [0x0000000002b73800+0x66]
J 2181 C1 java.awt.EventQueue$4.run()Ljava/lang/Object; (5 bytes) @ 0x0000000002fd50ac [0x0000000002fd4c80+0x42c]
v  ~StubRoutines::call_stub
J 936  java.security.AccessController.doPrivileged(Ljava/security/PrivilegedAction;Ljava/security/AccessControlContext;)Ljava/lang/Object; (0 bytes) @ 0x0000000002b73866 [0x0000000002b73800+0x66]
J 1370 C1 java.awt.EventQueue.dispatchEvent(Ljava/awt/AWTEvent;)V (80 bytes) @ 0x0000000002c8de94 [0x0000000002c8d040+0xe54]
J 1279 C1 java.awt.EventDispatchThread.pumpOneEventForFilters(I)V (295 bytes) @ 0x0000000002c63b24 [0x0000000002c61fc0+0x1b64]
j  java.awt.EventDispatchThread.pumpEventsForFilter(ILjava/awt/Conditional;Ljava/awt/EventFilter;)V+35
j  java.awt.EventDispatchThread.pumpEventsForHierarchy(ILjava/awt/Conditional;Ljava/awt/Component;)V+11
j  java.awt.EventDispatchThread.pumpEvents(ILjava/awt/Conditional;)V+4
j  java.awt.EventDispatchThread.pumpEvents(Ljava/awt/Conditional;)V+3
j  java.awt.EventDispatchThread.run()V+9
v  ~StubRoutines::call_stub

---------------  P R O C E S S  ---------------

Java Threads: ( => current thread )
  0x00000000184c8800 JavaThread "Thread-52" [_thread_blocked, id=6908, stack(0x0000000021910000,0x0000000021a10000)]
  0x00000000184ae800 JavaThread "Swing-Shell" daemon [_thread_blocked, id=10600, stack(0x000000001c120000,0x000000001c220000)]
  0x00000000183f4000 JavaThread "Thread-6" [_thread_in_native, id=12868, stack(0x000000001bda0000,0x000000001bea0000)]
  0x0000000018403000 JavaThread "D3D Screen Updater" daemon [_thread_blocked, id=10920, stack(0x000000001e370000,0x000000001e470000)]
  0x000000001837e000 JavaThread "Image Fetcher 0" daemon [_thread_blocked, id=3892, stack(0x000000001da20000,0x000000001db20000)]
  0x000000001835e000 JavaThread "TimerQueue" daemon [_thread_blocked, id=8788, stack(0x000000001d720000,0x000000001d820000)]
  0x000000001827d800 JavaThread "Thread-4" [_thread_in_native, id=13276, stack(0x000000001d020000,0x000000001d120000)]
  0x0000000018276800 JavaThread "Thread-3" daemon [_thread_in_native, id=12100, stack(0x000000001ceb0000,0x000000001cfb0000)]
  0x000000000256d800 JavaThread "DestroyJavaVM" [_thread_blocked, id=7384, stack(0x0000000002670000,0x0000000002770000)]
=>0x00000000181a8000 JavaThread "AWT-EventQueue-0" [_thread_in_native, id=6652, stack(0x0000000018d00000,0x0000000018e00000)]
  0x00000000181a2000 JavaThread "AWT-Windows" daemon [_thread_in_native, id=11236, stack(0x0000000018b10000,0x0000000018c10000)]
  0x00000000181a1800 JavaThread "AWT-Shutdown" [_thread_blocked, id=2388, stack(0x0000000018a10000,0x0000000018b10000)]
  0x000000001815f000 JavaThread "Java2D Disposer" daemon [_thread_blocked, id=11192, stack(0x0000000018910000,0x0000000018a10000)]
  0x00000000174d4800 JavaThread "Service Thread" daemon [_thread_blocked, id=9756, stack(0x0000000017e10000,0x0000000017f10000)]
  0x0000000017448000 JavaThread "C1 CompilerThread3" daemon [_thread_blocked, id=12424, stack(0x0000000017d10000,0x0000000017e10000)]
  0x0000000017440800 JavaThread "C2 CompilerThread2" daemon [_thread_blocked, id=10008, stack(0x0000000017c10000,0x0000000017d10000)]
  0x000000001743b800 JavaThread "C2 CompilerThread1" daemon [_thread_blocked, id=11392, stack(0x0000000017b10000,0x0000000017c10000)]
  0x0000000017438000 JavaThread "C2 CompilerThread0" daemon [_thread_blocked, id=3872, stack(0x0000000017a10000,0x0000000017b10000)]
  0x0000000017436000 JavaThread "Attach Listener" daemon [_thread_blocked, id=10832, stack(0x0000000017910000,0x0000000017a10000)]
  0x0000000017435000 JavaThread "Signal Dispatcher" daemon [_thread_blocked, id=5712, stack(0x0000000017810000,0x0000000017910000)]
  0x000000000286a800 JavaThread "Finalizer" daemon [_thread_blocked, id=4436, stack(0x0000000017210000,0x0000000017310000)]
  0x0000000002864000 JavaThread "Reference Handler" daemon [_thread_blocked, id=1108, stack(0x0000000017110000,0x0000000017210000)]

Other Threads:
  0x0000000015349000 VMThread [stack: 0x0000000017010000,0x0000000017110000] [id=7588]
  0x00000000174ee800 WatcherThread [stack: 0x0000000017f10000,0x0000000018010000] [id=6312]

VM state:not at safepoint (normal execution)

VM Mutex/Monitor currently owned by a thread: None

Heap:
 PSYoungGen      total 71168K, used 62199K [0x00000000eae00000, 0x00000000efd00000, 0x0000000100000000)
  eden space 64512K, 86% used [0x00000000eae00000,0x00000000ee441838,0x00000000eed00000)
  from space 6656K, 99% used [0x00000000ef480000,0x00000000efafc538,0x00000000efb00000)
  to   space 7680K, 0% used [0x00000000eed00000,0x00000000eed00000,0x00000000ef480000)
 ParOldGen       total 44032K, used 11439K [0x00000000c0a00000, 0x00000000c3500000, 0x00000000eae00000)
  object space 44032K, 25% used [0x00000000c0a00000,0x00000000c152bc38,0x00000000c3500000)
 Metaspace       used 18274K, capacity 18566K, committed 18944K, reserved 1064960K
  class space    used 2363K, capacity 2454K, committed 2560K, reserved 1048576K

Card table byte_map: [0x0000000011c30000,0x0000000011e30000] byte_map_base: 0x000000001162b000

Marking Bits: (ParMarkBitMap*) 0x000000005983a5b0
 Begin Bits: [0x0000000012790000, 0x0000000013768000)
 End Bits:   [0x0000000013768000, 0x0000000014740000)

Polling page: 0x0000000002520000

CodeCache: size=245760Kb used=8512Kb max_used=8512Kb free=237247Kb
 bounds [0x0000000002870000, 0x00000000030d0000, 0x0000000011870000]
 total_blobs=3045 nmethods=2477 adapters=478
 compilation: enabled

Compilation events (10 events):
Event: 6.839 Thread 0x0000000017448000 2473   !   3       java.awt.Container::mixOnHiding (79 bytes)
Event: 6.840 Thread 0x0000000017448000 nmethod 2473 0x00000000030c1690 code [0x00000000030c1920, 0x00000000030c29f8]
Event: 6.840 Thread 0x0000000017448000 2474       3       java.util.AbstractSequentialList::iterator (5 bytes)
Event: 6.840 Thread 0x0000000017448000 nmethod 2474 0x00000000030c3310 code [0x00000000030c3480, 0x00000000030c3768]
Event: 6.840 Thread 0x0000000017448000 2475       3       org.slf4j.impl.SimpleLogger::formatAndLog (34 bytes)
Event: 6.840 Thread 0x0000000017448000 nmethod 2475 0x00000000030c3850 code [0x00000000030c3a00, 0x00000000030c4078]
Event: 6.850 Thread 0x0000000017448000 2476       3       java.awt.Window::adjustDecendantsOnParent (1 bytes)
Event: 6.850 Thread 0x0000000017448000 nmethod 2476 0x00000000030c4350 code [0x00000000030c44a0, 0x00000000030c45f0]
Event: 6.851 Thread 0x0000000017448000 2477       1       javax.swing.JScrollBar::getOrientation (5 bytes)
Event: 6.851 Thread 0x0000000017448000 nmethod 2477 0x00000000030c4650 code [0x00000000030c47a0, 0x00000000030c48b0]

GC Heap History (10 events):
Event: 3.549 GC heap before
{Heap before GC invocations=2 (full 0):
 PSYoungGen      total 18944K, used 18928K [0x00000000eae00000, 0x00000000ec300000, 0x0000000100000000)
  eden space 16384K, 100% used [0x00000000eae00000,0x00000000ebe00000,0x00000000ebe00000)
  from space 2560K, 99% used [0x00000000ebe00000,0x00000000ec07c010,0x00000000ec080000)
  to   space 2560K, 0% used [0x00000000ec080000,0x00000000ec080000,0x00000000ec300000)
 ParOldGen       total 44032K, used 1362K [0x00000000c0a00000, 0x00000000c3500000, 0x00000000eae00000)
  object space 44032K, 3% used [0x00000000c0a00000,0x00000000c0b548d0,0x00000000c3500000)
 Metaspace       used 17683K, capacity 17944K, committed 18048K, reserved 1064960K
  class space    used 2348K, capacity 2421K, committed 2432K, reserved 1048576K
Event: 3.554 GC heap after
Heap after GC invocations=2 (full 0):
 PSYoungGen      total 18944K, used 2528K [0x00000000eae00000, 0x00000000ec300000, 0x0000000100000000)
  eden space 16384K, 0% used [0x00000000eae00000,0x00000000eae00000,0x00000000ebe00000)
  from space 2560K, 98% used [0x00000000ec080000,0x00000000ec2f8020,0x00000000ec300000)
  to   space 2560K, 0% used [0x00000000ebe00000,0x00000000ebe00000,0x00000000ec080000)
 ParOldGen       total 44032K, used 2924K [0x00000000c0a00000, 0x00000000c3500000, 0x00000000eae00000)
  object space 44032K, 6% used [0x00000000c0a00000,0x00000000c0cdb1d8,0x00000000c3500000)
 Metaspace       used 17683K, capacity 17944K, committed 18048K, reserved 1064960K
  class space    used 2348K, capacity 2421K, committed 2432K, reserved 1048576K
}
Event: 3.704 GC heap before
{Heap before GC invocations=3 (full 0):
 PSYoungGen      total 18944K, used 18912K [0x00000000eae00000, 0x00000000ec300000, 0x0000000100000000)
  eden space 16384K, 100% used [0x00000000eae00000,0x00000000ebe00000,0x00000000ebe00000)
  from space 2560K, 98% used [0x00000000ec080000,0x00000000ec2f8020,0x00000000ec300000)
  to   space 2560K, 0% used [0x00000000ebe00000,0x00000000ebe00000,0x00000000ec080000)
 ParOldGen       total 44032K, used 2924K [0x00000000c0a00000, 0x00000000c3500000, 0x00000000eae00000)
  object space 44032K, 6% used [0x00000000c0a00000,0x00000000c0cdb1d8,0x00000000c3500000)
 Metaspace       used 17741K, capacity 18008K, committed 18304K, reserved 1064960K
  class space    used 2349K, capacity 2421K, committed 2432K, reserved 1048576K
Event: 3.708 GC heap after
Heap after GC invocations=3 (full 0):
 PSYoungGen      total 18944K, used 2530K [0x00000000eae00000, 0x00000000ed300000, 0x0000000100000000)
  eden space 16384K, 0% used [0x00000000eae00000,0x00000000eae00000,0x00000000ebe00000)
  from space 2560K, 98% used [0x00000000ebe00000,0x00000000ec0789a0,0x00000000ec080000)
  to   space 2560K, 0% used [0x00000000ed080000,0x00000000ed080000,0x00000000ed300000)
 ParOldGen       total 44032K, used 4831K [0x00000000c0a00000, 0x00000000c3500000, 0x00000000eae00000)
  object space 44032K, 10% used [0x00000000c0a00000,0x00000000c0eb7c08,0x00000000c3500000)
 Metaspace       used 17741K, capacity 18008K, committed 18304K, reserved 1064960K
  class space    used 2349K, capacity 2421K, committed 2432K, reserved 1048576K
}
Event: 3.768 GC heap before
{Heap before GC invocations=4 (full 0):
 PSYoungGen      total 18944K, used 18914K [0x00000000eae00000, 0x00000000ed300000, 0x0000000100000000)
  eden space 16384K, 100% used [0x00000000eae00000,0x00000000ebe00000,0x00000000ebe00000)
  from space 2560K, 98% used [0x00000000ebe00000,0x00000000ec0789a0,0x00000000ec080000)
  to   space 2560K, 0% used [0x00000000ed080000,0x00000000ed080000,0x00000000ed300000)
 ParOldGen       total 44032K, used 4831K [0x00000000c0a00000, 0x00000000c3500000, 0x00000000eae00000)
  object space 44032K, 10% used [0x00000000c0a00000,0x00000000c0eb7c08,0x00000000c3500000)
 Metaspace       used 17742K, capacity 18008K, committed 18304K, reserved 1064960K
  class space    used 2349K, capacity 2421K, committed 2432K, reserved 1048576K
Event: 3.773 GC heap after
Heap after GC invocations=4 (full 0):
 PSYoungGen      total 35328K, used 2537K [0x00000000eae00000, 0x00000000ed300000, 0x0000000100000000)
  eden space 32768K, 0% used [0x00000000eae00000,0x00000000eae00000,0x00000000ece00000)
  from space 2560K, 99% used [0x00000000ed080000,0x00000000ed2fa530,0x00000000ed300000)
  to   space 2560K, 0% used [0x00000000ece00000,0x00000000ece00000,0x00000000ed080000)
 ParOldGen       total 44032K, used 6991K [0x00000000c0a00000, 0x00000000c3500000, 0x00000000eae00000)
  object space 44032K, 15% used [0x00000000c0a00000,0x00000000c10d3c18,0x00000000c3500000)
 Metaspace       used 17742K, capacity 18008K, committed 18304K, reserved 1064960K
  class space    used 2349K, capacity 2421K, committed 2432K, reserved 1048576K
}
Event: 3.880 GC heap before
{Heap before GC invocations=5 (full 0):
 PSYoungGen      total 35328K, used 35305K [0x00000000eae00000, 0x00000000ed300000, 0x0000000100000000)
  eden space 32768K, 100% used [0x00000000eae00000,0x00000000ece00000,0x00000000ece00000)
  from space 2560K, 99% used [0x00000000ed080000,0x00000000ed2fa530,0x00000000ed300000)
  to   space 2560K, 0% used [0x00000000ece00000,0x00000000ece00000,0x00000000ed080000)
 ParOldGen       total 44032K, used 6991K [0x00000000c0a00000, 0x00000000c3500000, 0x00000000eae00000)
  object space 44032K, 15% used [0x00000000c0a00000,0x00000000c10d3c18,0x00000000c3500000)
 Metaspace       used 17766K, capacity 18008K, committed 18304K, reserved 1064960K
  class space    used 2350K, capacity 2421K, committed 2432K, reserved 1048576K
Event: 3.887 GC heap after
Heap after GC invocations=5 (full 0):
 PSYoungGen      total 35328K, used 2528K [0x00000000eae00000, 0x00000000efb00000, 0x0000000100000000)
  eden space 32768K, 0% used [0x00000000eae00000,0x00000000eae00000,0x00000000ece00000)
  from space 2560K, 98% used [0x00000000ece00000,0x00000000ed078388,0x00000000ed080000)
  to   space 6656K, 0% used [0x00000000ef480000,0x00000000ef480000,0x00000000efb00000)
 ParOldGen       total 44032K, used 11255K [0x00000000c0a00000, 0x00000000c3500000, 0x00000000eae00000)
  object space 44032K, 25% used [0x00000000c0a00000,0x00000000c14fdc38,0x00000000c3500000)
 Metaspace       used 17766K, capacity 18008K, committed 18304K, reserved 1064960K
  class space    used 2350K, capacity 2421K, committed 2432K, reserved 1048576K
}
Event: 3.970 GC heap before
{Heap before GC invocations=6 (full 0):
 PSYoungGen      total 35328K, used 35296K [0x00000000eae00000, 0x00000000efb00000, 0x0000000100000000)
  eden space 32768K, 100% used [0x00000000eae00000,0x00000000ece00000,0x00000000ece00000)
  from space 2560K, 98% used [0x00000000ece00000,0x00000000ed078388,0x00000000ed080000)
  to   space 6656K, 0% used [0x00000000ef480000,0x00000000ef480000,0x00000000efb00000)
 ParOldGen       total 44032K, used 11255K [0x00000000c0a00000, 0x00000000c3500000, 0x00000000eae00000)
  object space 44032K, 25% used [0x00000000c0a00000,0x00000000c14fdc38,0x00000000c3500000)
 Metaspace       used 17772K, capacity 18008K, committed 18304K, reserved 1064960K
  class space    used 2350K, capacity 2421K, committed 2432K, reserved 1048576K
Event: 3.977 GC heap after
Heap after GC invocations=6 (full 0):
 PSYoungGen      total 71168K, used 6641K [0x00000000eae00000, 0x00000000efd00000, 0x0000000100000000)
  eden space 64512K, 0% used [0x00000000eae00000,0x00000000eae00000,0x00000000eed00000)
  from space 6656K, 99% used [0x00000000ef480000,0x00000000efafc538,0x00000000efb00000)
  to   space 7680K, 0% used [0x00000000eed00000,0x00000000eed00000,0x00000000ef480000)
 ParOldGen       total 44032K, used 11439K [0x00000000c0a00000, 0x00000000c3500000, 0x00000000eae00000)
  object space 44032K, 25% used [0x00000000c0a00000,0x00000000c152bc38,0x00000000c3500000)
 Metaspace       used 17772K, capacity 18008K, committed 18304K, reserved 1064960K
  class space    used 2350K, capacity 2421K, committed 2432K, reserved 1048576K
}

Deoptimization events (10 events):
Event: 4.862 Thread 0x00000000181a8000 Uncommon trap: reason=speculate_class_check action=maybe_recompile pc=0x0000000002e6a998 method=com.sun.jna.NativeMappedConverter.toNative(Ljava/lang/Object;Lcom/sun/jna/ToNativeContext;)Ljava/lang/Object; @ 43
Event: 4.862 Thread 0x00000000181a8000 Uncommon trap: reason=unstable_if action=reinterpret pc=0x0000000002e83750 method=com.sun.jna.Function.invoke(Ljava/lang/Class;[Ljava/lang/Object;Ljava/util/Map;)Ljava/lang/Object; @ 155
Event: 4.863 Thread 0x00000000181a8000 Uncommon trap: reason=speculate_class_check action=maybe_recompile pc=0x0000000002e6a998 method=com.sun.jna.NativeMappedConverter.toNative(Ljava/lang/Object;Lcom/sun/jna/ToNativeContext;)Ljava/lang/Object; @ 43
Event: 4.863 Thread 0x00000000181a8000 Uncommon trap: reason=unstable_if action=reinterpret pc=0x0000000002e6a44c method=com.sun.jna.Function.convertArgument([Ljava/lang/Object;ILjava/lang/reflect/Method;Lcom/sun/jna/TypeMapper;Z)Ljava/lang/Object; @ 46
Event: 4.863 Thread 0x00000000181a8000 Uncommon trap: reason=class_check action=maybe_recompile pc=0x0000000002e72b7c method=com.sun.jna.NativeMappedConverter.toNative(Ljava/lang/Object;Lcom/sun/jna/ToNativeContext;)Ljava/lang/Object; @ 43
Event: 4.863 Thread 0x00000000181a8000 Uncommon trap: reason=class_check action=maybe_recompile pc=0x0000000002e72b7c method=com.sun.jna.NativeMappedConverter.toNative(Ljava/lang/Object;Lcom/sun/jna/ToNativeContext;)Ljava/lang/Object; @ 43
Event: 4.863 Thread 0x00000000181a8000 Uncommon trap: reason=class_check action=maybe_recompile pc=0x0000000002e72b7c method=com.sun.jna.NativeMappedConverter.toNative(Ljava/lang/Object;Lcom/sun/jna/ToNativeContext;)Ljava/lang/Object; @ 43
Event: 4.863 Thread 0x00000000181a8000 Uncommon trap: reason=class_check action=maybe_recompile pc=0x0000000002e72b7c method=com.sun.jna.NativeMappedConverter.toNative(Ljava/lang/Object;Lcom/sun/jna/ToNativeContext;)Ljava/lang/Object; @ 43
Event: 6.840 Thread 0x00000000181a8000 Uncommon trap: reason=unstable_if action=reinterpret pc=0x0000000002e7bdc4 method=java.lang.String.split(Ljava/lang/String;I)[Ljava/lang/String; @ 281
Event: 6.840 Thread 0x00000000181a8000 Uncommon trap: reason=unstable_if action=reinterpret pc=0x0000000002e61824 method=org.slf4j.impl.SimpleLogger.isLevelEnabled(I)Z @ 5

Internal exceptions (10 events):
Event: 0.161 Thread 0x00000000181a8000 Exception <a 'java/io/FileNotFoundException'> (0x00000000eb1c0958) thrown at [C:\workspace\8-2-build-windows-amd64-cygwin\jdk8u65\4987\hotspot\src\share\vm\prims\jni.cpp, line 709]
Event: 1.611 Thread 0x00000000181a8000 Exception <a 'java/io/FileNotFoundException'> (0x00000000eb92fa08) thrown at [C:\workspace\8-2-build-windows-amd64-cygwin\jdk8u65\4987\hotspot\src\share\vm\prims\jni.cpp, line 709]
Event: 1.733 Thread 0x00000000181a8000 Exception <a 'java/io/FileNotFoundException'> (0x00000000eb930ee8) thrown at [C:\workspace\8-2-build-windows-amd64-cygwin\jdk8u65\4987\hotspot\src\share\vm\prims\jni.cpp, line 709]
Event: 3.061 Thread 0x00000000181a8000 Exception <a 'java/lang/NullPointerException'> (0x00000000eb24ac30) thrown at [C:\workspace\8-2-build-windows-amd64-cygwin\jdk8u65\4987\hotspot\src\share\vm\interpreter\linkResolver.cpp, line 1178]
Event: 3.083 Thread 0x00000000181a8000 Exception <a 'java/lang/UnsatisfiedLinkError': Kan opgegeven procedure niet vinden.
> (0x00000000eb35fc70) thrown at [C:\workspace\8-2-build-windows-amd64-cygwin\jdk8u65\4987\hotspot\src\share\vm\prims\jni.cpp, line 735]
Event: 3.093 Thread 0x00000000181a8000 Exception <a 'java/lang/UnsatisfiedLinkError': Kan opgegeven module niet vinden.
> (0x00000000eb3f23e8) thrown at [C:\workspace\8-2-build-windows-amd64-cygwin\jdk8u65\4987\hotspot\src\share\vm\prims\jni.cpp, line 735]
Event: 3.093 Thread 0x00000000181a8000 Exception <a 'java/lang/UnsatisfiedLinkError': Kan opgegeven module niet vinden.
> (0x00000000eb3f2900) thrown at [C:\workspace\8-2-build-windows-amd64-cygwin\jdk8u65\4987\hotspot\src\share\vm\prims\jni.cpp, line 735]
Event: 3.093 Thread 0x00000000181a8000 Exception <a 'java/lang/UnsatisfiedLinkError': Kan opgegeven module niet vinden.
> (0x00000000eb3f2ea0) thrown at [C:\workspace\8-2-build-windows-amd64-cygwin\jdk8u65\4987\hotspot\src\share\vm\prims\jni.cpp, line 735]
Event: 3.094 Thread 0x00000000181a8000 Exception <a 'java/lang/UnsatisfiedLinkError'> (0x00000000eb3f67a8) thrown at [C:\workspace\8-2-build-windows-amd64-cygwin\jdk8u65\4987\hotspot\src\share\vm\oops\instanceKlass.cpp, line 945]
Event: 4.089 Thread 0x00000000184c7800 Implicit null exception at 0x0000000002e730df to 0x0000000002e73399

Events (10 events):
Event: 6.841 Executing VM operation: RevokeBias
Event: 6.841 Executing VM operation: RevokeBias done
Event: 6.842 Executing VM operation: RevokeBias
Event: 6.842 Executing VM operation: RevokeBias done
Event: 6.842 Executing VM operation: RevokeBias
Event: 6.842 Executing VM operation: RevokeBias done
Event: 6.848 Executing VM operation: RevokeBias
Event: 6.848 Executing VM operation: RevokeBias done
Event: 6.849 Executing VM operation: RevokeBias
Event: 6.849 Executing VM operation: RevokeBias done


Dynamic libraries:
0x00007ff764920000 - 0x00007ff764957000 	C:\Program Files\Java\jdk1.8.0_65\jre\bin\javaw.exe
0x00007ff8ac990000 - 0x00007ff8acb51000 	C:\WINDOWS\SYSTEM32\ntdll.dll
0x00007ff8aa190000 - 0x00007ff8aa23d000 	C:\WINDOWS\system32\KERNEL32.DLL
0x00007ff8a9c30000 - 0x00007ff8a9e0d000 	C:\WINDOWS\system32\KERNELBASE.dll
0x00007ff8ac2e0000 - 0x00007ff8ac386000 	C:\WINDOWS\system32\ADVAPI32.dll
0x00007ff8aa0f0000 - 0x00007ff8aa18d000 	C:\WINDOWS\system32\msvcrt.dll
0x00007ff8ac8d0000 - 0x00007ff8ac92b000 	C:\WINDOWS\system32\sechost.dll
0x00007ff8ac1b0000 - 0x00007ff8ac2d6000 	C:\WINDOWS\system32\RPCRT4.dll
0x00007ff8ac510000 - 0x00007ff8ac65e000 	C:\WINDOWS\system32\USER32.dll
0x00007ff8aba50000 - 0x00007ff8abbd6000 	C:\WINDOWS\system32\GDI32.dll
0x00007ff891b80000 - 0x00007ff891df4000 	C:\WINDOWS\WinSxS\amd64_microsoft.windows.common-controls_6595b64144ccf1df_6.0.10240.16384_none_f41f7b285750ef43\COMCTL32.dll
0x00007ff8ac890000 - 0x00007ff8ac8c6000 	C:\WINDOWS\system32\IMM32.DLL
0x00007ff8ac390000 - 0x00007ff8ac4ec000 	C:\WINDOWS\system32\MSCTF.dll
0x00000000598c0000 - 0x0000000059992000 	C:\Program Files\Java\jdk1.8.0_65\jre\bin\msvcr100.dll
0x0000000059030000 - 0x00000000598b9000 	C:\Program Files\Java\jdk1.8.0_65\jre\bin\server\jvm.dll
0x00007ff8ac820000 - 0x00007ff8ac828000 	C:\WINDOWS\system32\PSAPI.DLL
0x00007ff8a0bf0000 - 0x00007ff8a0bf9000 	C:\WINDOWS\SYSTEM32\WSOCK32.dll
0x00007ff8a6d30000 - 0x00007ff8a6d53000 	C:\WINDOWS\SYSTEM32\WINMM.dll
0x00007ff8a5f10000 - 0x00007ff8a5f1a000 	C:\WINDOWS\SYSTEM32\VERSION.dll
0x00007ff8abbe0000 - 0x00007ff8abc49000 	C:\WINDOWS\system32\WS2_32.dll
0x00007ff8ac660000 - 0x00007ff8ac668000 	C:\WINDOWS\system32\NSI.dll
0x00000000024f0000 - 0x000000000251c000 	C:\WINDOWS\SYSTEM32\WINMMBASE.dll
0x00007ff8a9be0000 - 0x00007ff8a9c24000 	C:\WINDOWS\system32\cfgmgr32.dll
0x00007ff8a7d10000 - 0x00007ff8a7d37000 	C:\WINDOWS\SYSTEM32\DEVOBJ.dll
0x0000000059020000 - 0x000000005902f000 	C:\Program Files\Java\jdk1.8.0_65\jre\bin\verify.dll
0x0000000058ff0000 - 0x0000000059019000 	C:\Program Files\Java\jdk1.8.0_65\jre\bin\java.dll
0x0000000058fd0000 - 0x0000000058fe6000 	C:\Program Files\Java\jdk1.8.0_65\jre\bin\zip.dll
0x00007ff8aa520000 - 0x00007ff8aba42000 	C:\WINDOWS\system32\SHELL32.dll
0x00007ff8a9440000 - 0x00007ff8a9a68000 	C:\WINDOWS\system32\windows.storage.dll
0x00007ff8aa2a0000 - 0x00007ff8aa51c000 	C:\WINDOWS\system32\combase.dll
0x00007ff8aa240000 - 0x00007ff8aa291000 	C:\WINDOWS\system32\shlwapi.dll
0x00007ff8a9430000 - 0x00007ff8a943f000 	C:\WINDOWS\system32\kernel.appcore.dll
0x00007ff8a9b20000 - 0x00007ff8a9bd3000 	C:\WINDOWS\system32\shcore.dll
0x00007ff8a93c0000 - 0x00007ff8a940a000 	C:\WINDOWS\system32\powrprof.dll
0x00007ff8a9410000 - 0x00007ff8a9423000 	C:\WINDOWS\system32\profapi.dll
0x0000000058fb0000 - 0x0000000058fca000 	C:\Program Files\Java\jdk1.8.0_65\jre\bin\net.dll
0x00007ff8a8bb0000 - 0x00007ff8a8c0d000 	C:\WINDOWS\system32\mswsock.dll
0x0000000058f90000 - 0x0000000058fa1000 	C:\Program Files\Java\jdk1.8.0_65\jre\bin\nio.dll
0x0000000058df0000 - 0x0000000058f88000 	C:\Program Files\Java\jdk1.8.0_65\jre\bin\awt.dll
0x00007ff8abe20000 - 0x00007ff8abede000 	C:\WINDOWS\system32\OLEAUT32.dll
0x00007ff8a7aa0000 - 0x00007ff8a7b18000 	C:\WINDOWS\system32\apphelp.dll
0x00007ff8a7c70000 - 0x00007ff8a7d06000 	C:\WINDOWS\system32\uxtheme.dll
0x00007ff8a7b20000 - 0x00007ff8a7b42000 	C:\WINDOWS\system32\dwmapi.dll
0x00007ff8abc50000 - 0x00007ff8abd91000 	C:\WINDOWS\system32\ole32.dll
0x00007ff8a9160000 - 0x00007ff8a91cb000 	C:\WINDOWS\SYSTEM32\bcryptPrimitives.dll
0x00007ff8760f0000 - 0x00007ff876300000 	C:\WINDOWS\system32\d3d9.dll
0x00007ff8a5f20000 - 0x00007ff8a6087000 	C:\WINDOWS\SYSTEM32\aticfx64.dll
0x00007ff87fa30000 - 0x00007ff87fa51000 	C:\WINDOWS\SYSTEM32\atiu9p64.dll
0x00007ff874dd0000 - 0x00007ff875629000 	C:\WINDOWS\SYSTEM32\atiumd64.dll
0x000000005a490000 - 0x000000005ad18000 	C:\WINDOWS\SYSTEM32\atiumd6a.dll
0x0000000180000000 - 0x0000000180016000 	C:\Users\Jeroen\workspace\JN01\lib\native\win64\jinput-dx8_64.dll
0x00007ff8812a0000 - 0x00007ff8812e1000 	C:\WINDOWS\SYSTEM32\DINPUT8.dll
0x00007ff8a83f0000 - 0x00007ff8a83fc000 	C:\WINDOWS\SYSTEM32\HID.DLL
0x00007ff8abfe0000 - 0x00007ff8ac1a5000 	C:\WINDOWS\system32\SETUPAPI.DLL
0x00007ff8a9fe0000 - 0x00007ff8aa034000 	C:\WINDOWS\system32\WINTRUST.dll
0x00007ff8a93a0000 - 0x00007ff8a93b1000 	C:\WINDOWS\system32\MSASN1.dll
0x00007ff8a9e10000 - 0x00007ff8a9fd1000 	C:\WINDOWS\system32\CRYPT32.dll
0x00000000193e0000 - 0x00000000193f4000 	C:\Users\Jeroen\workspace\JN01\lib\native\win64\jinput-raw_64.dll
0x00007ff8869a0000 - 0x00007ff8869b1000 	C:\Users\Jeroen\workspace\JN01\lib\native\win64\xboxcontroller64.dll
0x000000005b970000 - 0x000000005ba08000 	C:\WINDOWS\SYSTEM32\MSVCP100.dll
0x00007ff8a2cc0000 - 0x00007ff8a2cc7000 	C:\WINDOWS\SYSTEM32\XINPUT9_1_0.dll
0x00007ff89e150000 - 0x00007ff89e15e000 	C:\WINDOWS\SYSTEM32\XInput1_4.dll
0x0000000058da0000 - 0x0000000058de7000 	C:\Program Files\Java\jdk1.8.0_65\jre\bin\fontmanager.dll
0x0000000058d50000 - 0x0000000058d92000 	C:\Program Files\Java\jdk1.8.0_65\jre\bin\t2k.dll
0x00007ff8aa040000 - 0x00007ff8aa0e5000 	C:\WINDOWS\system32\clbcatq.dll
0x00007ff8a53a0000 - 0x00007ff8a5552000 	C:\WINDOWS\SYSTEM32\WindowsCodecs.dll
0x00007ff8a92d0000 - 0x00007ff8a92f8000 	C:\WINDOWS\SYSTEM32\bcrypt.dll
0x00007ff8a8c10000 - 0x00007ff8a8c27000 	C:\WINDOWS\SYSTEM32\cryptsp.dll
0x00007ff8a8860000 - 0x00007ff8a8893000 	C:\WINDOWS\system32\rsaenh.dll
0x00007ff8a8d80000 - 0x00007ff8a8d8b000 	C:\WINDOWS\SYSTEM32\CRYPTBASE.dll
0x00007ff890080000 - 0x00007ff8900c6000 	C:\WINDOWS\system32\dataexchange.dll
0x00007ff8a62f0000 - 0x00007ff8a6593000 	C:\WINDOWS\system32\d3d11.dll
0x00007ff8a2350000 - 0x00007ff8a2895000 	C:\WINDOWS\system32\d2d1.dll
0x00007ff8a74d0000 - 0x00007ff8a75a1000 	C:\WINDOWS\system32\dcomp.dll
0x00007ff8a6200000 - 0x00007ff8a629c000 	C:\WINDOWS\system32\dxgi.dll
0x00007ff8a7d60000 - 0x00007ff8a7e4e000 	C:\WINDOWS\system32\twinapi.appcore.dll
0x00007ff8a8a00000 - 0x00007ff8a8a1f000 	C:\WINDOWS\system32\USERENV.dll
0x000000001bd20000 - 0x000000001bd45000 	C:\Users\Jeroen\workspace\JN01\lib\native\win64\rxtxSerial.dll
0x00007ff88c5a0000 - 0x00007ff88c64a000 	C:\WINDOWS\WinSxS\amd64_microsoft.windows.common-controls_6595b64144ccf1df_5.82.10240.16384_none_0212ec7eba871e86\comctl32.dll
0x00007ff8a6860000 - 0x00007ff8a69e3000 	C:\WINDOWS\system32\propsys.dll
0x00007ff86ed50000 - 0x00007ff86eef2000 	C:\WINDOWS\system32\NetworkExplorer.dll
0x00007ff8a1ee0000 - 0x00007ff8a234a000 	C:\Windows\System32\ActXPrxy.dll
0x00007ff88fc80000 - 0x00007ff88fccb000 	C:\Windows\System32\thumbcache.dll
0x00007ff8a8610000 - 0x00007ff8a862c000 	C:\WINDOWS\SYSTEM32\MPR.dll
0x00007ff8a28d0000 - 0x00007ff8a28db000 	C:\WINDOWS\System32\drprov.dll
0x00007ff8a91d0000 - 0x00007ff8a9228000 	C:\WINDOWS\System32\WINSTA.dll
0x00007ff8a28b0000 - 0x00007ff8a28c6000 	C:\WINDOWS\System32\ntlanman.dll
0x00007ff89be60000 - 0x00007ff89be80000 	C:\WINDOWS\System32\davclnt.dll
0x00007ff8a28a0000 - 0x00007ff8a28ac000 	C:\WINDOWS\System32\DAVHLPR.dll
0x00007ff8a5760000 - 0x00007ff8a5776000 	C:\WINDOWS\System32\wkscli.dll
0x00007ff89ba20000 - 0x00007ff89ba32000 	C:\WINDOWS\SYSTEM32\cscapi.dll
0x00007ff8a85d0000 - 0x00007ff8a85dc000 	C:\WINDOWS\System32\netutils.dll
0x00007ff880fe0000 - 0x00007ff88105f000 	C:\Windows\System32\dlnashext.dll
0x00007ff883690000 - 0x00007ff883701000 	C:\Windows\System32\PlayToDevice.dll
0x00007ff88cfa0000 - 0x00007ff88cfbe000 	C:\Windows\System32\DevDispItemProvider.dll
0x00007ff8a5270000 - 0x00007ff8a52b3000 	C:\Windows\System32\deviceaccess.dll
0x00007ff8a6100000 - 0x00007ff8a6172000 	C:\WINDOWS\System32\MMDevApi.dll
0x00007ff8a4d90000 - 0x00007ff8a4dc8000 	C:\WINDOWS\SYSTEM32\IPHLPAPI.DLL
0x00007ff8a4d80000 - 0x00007ff8a4d8b000 	C:\WINDOWS\SYSTEM32\WINNSI.DLL
0x00007ff8a2ef0000 - 0x00007ff8a2f06000 	C:\WINDOWS\SYSTEM32\dhcpcsvc6.DLL
0x00007ff8a2e30000 - 0x00007ff8a2e4a000 	C:\WINDOWS\SYSTEM32\dhcpcsvc.DLL
0x00007ff89ce90000 - 0x00007ff89cecf000 	C:\WINDOWS\System32\netprofm.dll
0x00007ff89cc20000 - 0x00007ff89cc2e000 	C:\WINDOWS\System32\npmproxy.dll
0x00007ff86ef00000 - 0x00007ff86f103000 	C:\WINDOWS\system32\wpdshext.dll
0x00007ff8936a0000 - 0x00007ff893849000 	C:\WINDOWS\WinSxS\amd64_microsoft.windows.gdiplus_6595b64144ccf1df_1.1.10240.16384_none_89a94c179af51f83\gdiplus.dll
0x00007ff8a7680000 - 0x00007ff8a7721000 	C:\Windows\System32\PortableDeviceApi.dll
0x00007ff8a56c0000 - 0x00007ff8a56f2000 	C:\Windows\System32\PortableDeviceTypes.dll
0x00007ff88f5c0000 - 0x00007ff88f5f7000 	C:\Windows\System32\EhStorShell.dll
0x00007ff89a410000 - 0x00007ff89a436000 	C:\Windows\System32\EhStorAPI.dll
0x00007ff8a7b50000 - 0x00007ff8a7b63000 	C:\Windows\System32\WTSAPI32.dll
0x00007ff894180000 - 0x00007ff89418d000 	C:\WINDOWS\SYSTEM32\LINKINFO.dll
0x00007ff8a8f60000 - 0x00007ff8a8f8c000 	C:\WINDOWS\SYSTEM32\SspiCli.dll
0x00007ff87f7e0000 - 0x00007ff87f817000 	C:\Users\Jeroen\AppData\Local\Temp\jna-Jeroen\jna8921157693937105214.dll
0x0000000058d20000 - 0x0000000058d4d000 	C:\Program Files\VideoLAN\VLC\libvlc.dll
0x0000000058a70000 - 0x0000000058d1c000 	C:\Program Files\VideoLAN\VLC\libvlccore.dll
0x0000000058a50000 - 0x0000000058a64000 	C:\Program Files\VideoLAN\VLC\plugins\audio_output\libdirectsound_plugin.dll
0x0000000058a30000 - 0x0000000058a43000 	C:\Program Files\VideoLAN\VLC\plugins\audio_output\libwaveout_plugin.dll
0x00000000588b0000 - 0x0000000058a24000 	C:\Program Files\VideoLAN\VLC\plugins\misc\libxml_plugin.dll
0x0000000058890000 - 0x00000000588af000 	C:\Program Files\VideoLAN\VLC\plugins\video_output\libdirect3d_plugin.dll
0x0000000058870000 - 0x000000005888d000 	C:\Program Files\VideoLAN\VLC\plugins\video_output\libdirectdraw_plugin.dll
0x00007ff888080000 - 0x00007ff88811c000 	C:\WINDOWS\SYSTEM32\DSOUND.DLL
0x0000000058860000 - 0x0000000058867000 	C:\Program Files\Java\jdk1.8.0_65\jre\bin\jawt.dll
0x00000000585f0000 - 0x0000000058858000 	C:\Program Files\VideoLAN\VLC\plugins\access\liblibbluray_plugin.dll
0x00000000585c0000 - 0x00000000585e6000 	C:\Program Files\VideoLAN\VLC\plugins\access\libaccess_bd_plugin.dll
0x0000000058570000 - 0x00000000585bb000 	C:\Program Files\VideoLAN\VLC\plugins\access\libdvdnav_plugin.dll
0x0000000058550000 - 0x000000005856f000 	C:\Program Files\VideoLAN\VLC\plugins\access\libvdr_plugin.dll
0x0000000058530000 - 0x0000000058548000 	C:\Program Files\VideoLAN\VLC\plugins\access\libfilesystem_plugin.dll
0x0000000058510000 - 0x000000005852b000 	C:\Program Files\VideoLAN\VLC\plugins\stream_filter\libsmooth_plugin.dll

VM Arguments:
jvm_args: -Djava.library.path=C:\Users\Jeroen\workspace\JN01\lib;C:\Users\Jeroen\workspace\JN01\lib\native -Dfile.encoding=Cp1252 
java_command: j.pivate.main.Start debug
java_class_path (initial): C:\Users\Jeroen\workspace\JN01\bin;C:\Users\Jeroen\workspace\JN01\lib\JArduino\org.sintef.jarduino.core-0.1.4.jar;C:\Users\Jeroen\workspace\JN01\lib\JNA\jinput.jar;C:\Users\Jeroen\workspace\JN01\lib\xbox\jaw.jar;C:\Users\Jeroen\workspace\JN01\lib\xbox\XboxController.jar;C:\Users\Jeroen\workspace\JN01\lib\JNA\jna-3.5.2.jar;C:\Users\Jeroen\workspace\JN01\lib\JNA\platform-3.5.2.jar;C:\Users\Jeroen\workspace\JN01\lib\JArduino\org.kevoree.extra.osgi.rxtx-2.2.0.jar;C:\Users\Jeroen\workspace\JN01\lib\vlc\vlcj-3.8.0-sources.jar;C:\Users\Jeroen\workspace\JN01\lib\vlc\vlcj-3.8.0.jar;C:\Users\Jeroen\workspace\JN01\lib\vlc\slf4j-simple-1.7.13.jar;C:\Users\Jeroen\workspace\JN01\lib\vlc\slf4j-api-1.7.13.jar
Launcher Type: SUN_STANDARD

Environment Variables:
JAVA_HOME=C:\Program Files\Java\jdk1.8.0_25
PATH=C:/Program Files/Java/jre1.8.0_66/bin/server;C:/Program Files/Java/jre1.8.0_66/bin;C:/Program Files/Java/jre1.8.0_66/lib/amd64;C:\ProgramData\Oracle\Java\javapath;C:\Program Files (x86)\NVIDIA Corporation\PhysX\Common;C:\MinGW\bin;C:\MinGW\libexec\gcc\x86_64-pc-mingw32\4.8.2;C:\Program Files\Common Files\Microsoft Shared\Windows Live;C:\Program Files (x86)\Common Files\Microsoft Shared\Windows Live;C:\Program Files (x86)\Intel\iCLS Client\;C:\Program Files\Intel\iCLS Client\;C:\WINDOWS\system32;C:\WINDOWS;C:\WINDOWS\System32\Wbem;C:\WINDOWS\System32\WindowsPowerShell\v1.0\;C:\Program Files\Intel\Intel(R) Management Engine Components\DAL;C:\Program Files\Intel\Intel(R) Management Engine Components\IPT;C:\Program Files (x86)\Intel\Intel(R) Management Engine Components\DAL;C:\Program Files (x86)\Intel\Intel(R) Management Engine Components\IPT;C:\Program Files (x86)\ATI Technologies\ATI.ACE\Core-Static;C:\Program Files (x86)\Windows Live\Shared;C:\Program Files\Microsoft Windows Performance Toolkit\;C:\Program Files\Common Files\Autodesk Shared\;C:\Program Files (x86)\Autodesk\Backburner\;C:\Program Files (x86)\AMD\ATI.ACE\Core-Static;C:\Program Files (x86)\Skype\Phone\;C:\Program Files\eclipse java;
USERNAME=Jeroen
OS=Windows_NT
PROCESSOR_IDENTIFIER=Intel64 Family 6 Model 58 Stepping 9, GenuineIntel



---------------  S Y S T E M  ---------------

OS: Windows 10.0 , 64 bit Build 10240 (10.0.10240.16384)

CPU:total 8 (4 cores per cpu, 2 threads per core) family 6 model 58 stepping 9, cmov, cx8, fxsr, mmx, sse, sse2, sse3, ssse3, sse4.1, sse4.2, popcnt, avx, aes, clmul, erms, ht, tsc, tscinvbit, tscinv

Memory: 4k page, physical 4147760k(956520k free), swap 8342064k(3778228k free)

vm_info: Java HotSpot(TM) 64-Bit Server VM (25.65-b01) for windows-amd64 JRE (1.8.0_65-b17), built on Oct  6 2015 16:39:20 by "java_re" with MS VC++ 10.0 (VS2010)

time: Sat Nov 28 22:15:25 2015
elapsed time: 6 seconds (0d 0h 0m 6s)

